<?xml version="1.0" encoding="UTF-8"?>
<!-- Generated by org.testng.reporters.JUnitReportReporter -->
<testsuite hostname="MyPC" failures="0" tests="1" name="utils.ExcelUtils" time="0.531" errors="0" timestamp="2024-05-22T02:57:08 IST" skipped="0">
  <testcase classname="utils.ExcelUtils" name="readData" time="0.531"/>
  <system-out/>
</testsuite> <!-- utils.ExcelUtils -->
